<?xml version="1.0" encoding="UTF-8"?>
<testng-results ignored="0" total="9" passed="9" failed="0" skipped="0">
  <reporter-output>
  </reporter-output>
  <suite started-at="2025-01-18T20:31:17 IST" name="runners.RunnerTest" finished-at="2025-01-18T20:34:29 IST" duration-ms="191412">
    <groups>
      <group name="cucumber">
        <method signature="AbstractTestNGCucumberTests.runScenario(io.cucumber.testng.PickleWrapper,io.cucumber.testng.FeatureWrapper)[pri:0, instance:runners.RunnerTest@3d1cfad4]" name="runScenario" class="io.cucumber.testng.AbstractTestNGCucumberTests"/>
      </group> <!-- cucumber -->
    </groups>
    <test started-at="2025-01-18T20:31:17 IST" name="Command line test" finished-at="2025-01-18T20:34:29 IST" duration-ms="191412">
      <class name="runners.RunnerTest">
        <test-method is-config="true" signature="setUpClass(org.testng.ITestContext)[pri:0, instance:runners.RunnerTest@3d1cfad4]" started-at="2025-01-18T20:31:17 IST" name="setUpClass" finished-at="2025-01-18T20:31:19 IST" duration-ms="1175" status="PASS">
          <params>
            <param index="0">
              <value>
                <![CDATA[org.testng.TestRunner@7dbd70fd]]>
              </value>
            </param>
          </params>
          <reporter-output>
          </reporter-output>
        </test-method> <!-- setUpClass -->
        <test-method signature="runScenario(io.cucumber.testng.PickleWrapper,io.cucumber.testng.FeatureWrapper)[pri:0, instance:runners.RunnerTest@3d1cfad4]" started-at="2025-01-18T20:31:19 IST" name="runScenario" description="Runs Cucumber Scenarios" data-provider="scenarios" finished-at="2025-01-18T20:31:41 IST" duration-ms="22106" status="PASS">
          <params>
            <param index="0">
              <value>
                <![CDATA["Accounts Page title"]]>
              </value>
            </param>
            <param index="1">
              <value>
                <![CDATA["Accounts Page Feature"]]>
              </value>
            </param>
          </params>
          <reporter-output>
          </reporter-output>
        </test-method> <!-- runScenario -->
        <test-method signature="runScenario(io.cucumber.testng.PickleWrapper,io.cucumber.testng.FeatureWrapper)[pri:0, instance:runners.RunnerTest@3d1cfad4]" started-at="2025-01-18T20:31:41 IST" name="runScenario" description="Runs Cucumber Scenarios" data-provider="scenarios" finished-at="2025-01-18T20:32:01 IST" duration-ms="19929" status="PASS">
          <params>
            <param index="0">
              <value>
                <![CDATA["Accounts Page section"]]>
              </value>
            </param>
            <param index="1">
              <value>
                <![CDATA["Accounts Page Feature"]]>
              </value>
            </param>
          </params>
          <reporter-output>
          </reporter-output>
        </test-method> <!-- runScenario -->
        <test-method signature="runScenario(io.cucumber.testng.PickleWrapper,io.cucumber.testng.FeatureWrapper)[pri:0, instance:runners.RunnerTest@3d1cfad4]" started-at="2025-01-18T20:32:01 IST" name="runScenario" description="Runs Cucumber Scenarios" data-provider="scenarios" finished-at="2025-01-18T20:32:27 IST" duration-ms="26465" status="PASS">
          <params>
            <param index="0">
              <value>
                <![CDATA["Entering contact info with different data"]]>
              </value>
            </param>
            <param index="1">
              <value>
                <![CDATA["Contact Us Page Feature"]]>
              </value>
            </param>
          </params>
          <reporter-output>
          </reporter-output>
        </test-method> <!-- runScenario -->
        <test-method signature="runScenario(io.cucumber.testng.PickleWrapper,io.cucumber.testng.FeatureWrapper)[pri:0, instance:runners.RunnerTest@3d1cfad4]" started-at="2025-01-18T20:32:27 IST" name="runScenario" description="Runs Cucumber Scenarios" data-provider="scenarios" finished-at="2025-01-18T20:32:58 IST" duration-ms="30758" status="PASS">
          <params>
            <param index="0">
              <value>
                <![CDATA["Entering contact info with different data"]]>
              </value>
            </param>
            <param index="1">
              <value>
                <![CDATA["Contact Us Page Feature"]]>
              </value>
            </param>
          </params>
          <reporter-output>
          </reporter-output>
        </test-method> <!-- runScenario -->
        <test-method signature="runScenario(io.cucumber.testng.PickleWrapper,io.cucumber.testng.FeatureWrapper)[pri:0, instance:runners.RunnerTest@3d1cfad4]" started-at="2025-01-18T20:32:58 IST" name="runScenario" description="Runs Cucumber Scenarios" data-provider="scenarios" finished-at="2025-01-18T20:33:20 IST" duration-ms="21640" status="PASS">
          <params>
            <param index="0">
              <value>
                <![CDATA["Entering contact info with different data"]]>
              </value>
            </param>
            <param index="1">
              <value>
                <![CDATA["Contact Us Page Feature"]]>
              </value>
            </param>
          </params>
          <reporter-output>
          </reporter-output>
        </test-method> <!-- runScenario -->
        <test-method signature="runScenario(io.cucumber.testng.PickleWrapper,io.cucumber.testng.FeatureWrapper)[pri:0, instance:runners.RunnerTest@3d1cfad4]" started-at="2025-01-18T20:33:20 IST" name="runScenario" description="Runs Cucumber Scenarios" data-provider="scenarios" finished-at="2025-01-18T20:33:39 IST" duration-ms="19760" status="PASS">
          <params>
            <param index="0">
              <value>
                <![CDATA["Entering contact info with different data"]]>
              </value>
            </param>
            <param index="1">
              <value>
                <![CDATA["Contact Us Page Feature"]]>
              </value>
            </param>
          </params>
          <reporter-output>
          </reporter-output>
        </test-method> <!-- runScenario -->
        <test-method signature="runScenario(io.cucumber.testng.PickleWrapper,io.cucumber.testng.FeatureWrapper)[pri:0, instance:runners.RunnerTest@3d1cfad4]" started-at="2025-01-18T20:33:39 IST" name="runScenario" description="Runs Cucumber Scenarios" data-provider="scenarios" finished-at="2025-01-18T20:33:52 IST" duration-ms="12390" status="PASS">
          <params>
            <param index="0">
              <value>
                <![CDATA["Login Page Title"]]>
              </value>
            </param>
            <param index="1">
              <value>
                <![CDATA["Login Page Feature"]]>
              </value>
            </param>
          </params>
          <reporter-output>
          </reporter-output>
        </test-method> <!-- runScenario -->
        <test-method signature="runScenario(io.cucumber.testng.PickleWrapper,io.cucumber.testng.FeatureWrapper)[pri:0, instance:runners.RunnerTest@3d1cfad4]" started-at="2025-01-18T20:33:52 IST" name="runScenario" description="Runs Cucumber Scenarios" data-provider="scenarios" finished-at="2025-01-18T20:34:04 IST" duration-ms="12267" status="PASS">
          <params>
            <param index="0">
              <value>
                <![CDATA["Forgot Password link"]]>
              </value>
            </param>
            <param index="1">
              <value>
                <![CDATA["Login Page Feature"]]>
              </value>
            </param>
          </params>
          <reporter-output>
          </reporter-output>
        </test-method> <!-- runScenario -->
        <test-method signature="runScenario(io.cucumber.testng.PickleWrapper,io.cucumber.testng.FeatureWrapper)[pri:0, instance:runners.RunnerTest@3d1cfad4]" started-at="2025-01-18T20:34:04 IST" name="runScenario" description="Runs Cucumber Scenarios" data-provider="scenarios" finished-at="2025-01-18T20:34:22 IST" duration-ms="18068" status="PASS">
          <params>
            <param index="0">
              <value>
                <![CDATA["Login with correct credentials"]]>
              </value>
            </param>
            <param index="1">
              <value>
                <![CDATA["Login Page Feature"]]>
              </value>
            </param>
          </params>
          <reporter-output>
          </reporter-output>
        </test-method> <!-- runScenario -->
        <test-method is-config="true" signature="tearDownClass()[pri:0, instance:runners.RunnerTest@3d1cfad4]" started-at="2025-01-18T20:34:22 IST" name="tearDownClass" finished-at="2025-01-18T20:34:29 IST" duration-ms="6686" status="PASS">
          <reporter-output>
          </reporter-output>
        </test-method> <!-- tearDownClass -->
      </class> <!-- runners.RunnerTest -->
    </test> <!-- Command line test -->
  </suite> <!-- runners.RunnerTest -->
</testng-results>
