<?xml version="1.0" encoding="UTF-8" ?>
<testsuite tests="9" failures="0" name="runners.RunnerTest" time="183.406" errors="0" skipped="0">
  <properties>
[...]
</properties>
  <testcase classname="runners.RunnerTest" name="runScenario" time="22.114"/>
  <testcase classname="runners.RunnerTest" name="runScenario" time="19.929"/>
  <testcase classname="runners.RunnerTest" name="runScenario" time="26.466"/>
  <testcase classname="runners.RunnerTest" name="runScenario" time="30.763"/>
  <testcase classname="runners.RunnerTest" name="runScenario" time="21.642"/>
  <testcase classname="runners.RunnerTest" name="runScenario" time="19.765"/>
  <testcase classname="runners.RunnerTest" name="runScenario" time="12.391"/>
  <testcase classname="runners.RunnerTest" name="runScenario" time="12.268"/>
  <testcase classname="runners.RunnerTest" name="runScenario" time="18.068"/>
</testsuite>