<?xml version="1.0" encoding="UTF-8"?>
<testng-results ignored="0" total="9" passed="9" failed="0" skipped="0">
  <reporter-output>
  </reporter-output>
  <suite started-at="2025-01-18T20:14:39 IST" name="Default suite" finished-at="2025-01-18T20:16:43 IST" duration-ms="123981">
    <groups>
      <group name="cucumber">
        <method signature="AbstractTestNGCucumberTests.runScenario(io.cucumber.testng.PickleWrapper,io.cucumber.testng.FeatureWrapper)[pri:0, instance:runners.RunnerTest@7d3e8655]" name="runScenario" class="io.cucumber.testng.AbstractTestNGCucumberTests"/>
      </group> <!-- cucumber -->
    </groups>
    <test started-at="2025-01-18T20:14:39 IST" name="Default test" finished-at="2025-01-18T20:16:43 IST" duration-ms="123981">
      <class name="runners.RunnerTest">
        <test-method is-config="true" signature="setUpClass(org.testng.ITestContext)[pri:0, instance:runners.RunnerTest@7d3e8655]" started-at="2025-01-18T20:14:40 IST" name="setUpClass" finished-at="2025-01-18T20:14:41 IST" duration-ms="1171" status="PASS">
          <params>
            <param index="0">
              <value>
                <![CDATA[org.testng.TestRunner@4c38cd16]]>
              </value>
            </param>
          </params>
          <reporter-output>
          </reporter-output>
        </test-method> <!-- setUpClass -->
        <test-method signature="runScenario(io.cucumber.testng.PickleWrapper,io.cucumber.testng.FeatureWrapper)[pri:0, instance:runners.RunnerTest@7d3e8655]" started-at="2025-01-18T20:14:41 IST" name="runScenario" description="Runs Cucumber Scenarios" data-provider="scenarios" finished-at="2025-01-18T20:16:07 IST" duration-ms="86407" status="PASS">
          <params>
            <param index="0">
              <value>
                <![CDATA["Accounts Page title"]]>
              </value>
            </param>
            <param index="1">
              <value>
                <![CDATA["Accounts Page Feature"]]>
              </value>
            </param>
          </params>
          <reporter-output>
          </reporter-output>
        </test-method> <!-- runScenario -->
        <test-method signature="runScenario(io.cucumber.testng.PickleWrapper,io.cucumber.testng.FeatureWrapper)[pri:0, instance:runners.RunnerTest@7d3e8655]" started-at="2025-01-18T20:14:41 IST" name="runScenario" description="Runs Cucumber Scenarios" data-provider="scenarios" finished-at="2025-01-18T20:15:44 IST" duration-ms="63653" status="PASS">
          <params>
            <param index="0">
              <value>
                <![CDATA["Login Page Title"]]>
              </value>
            </param>
            <param index="1">
              <value>
                <![CDATA["Login Page Feature"]]>
              </value>
            </param>
          </params>
          <reporter-output>
          </reporter-output>
        </test-method> <!-- runScenario -->
        <test-method signature="runScenario(io.cucumber.testng.PickleWrapper,io.cucumber.testng.FeatureWrapper)[pri:0, instance:runners.RunnerTest@7d3e8655]" started-at="2025-01-18T20:14:41 IST" name="runScenario" description="Runs Cucumber Scenarios" data-provider="scenarios" finished-at="2025-01-18T20:16:26 IST" duration-ms="105616" status="PASS">
          <params>
            <param index="0">
              <value>
                <![CDATA["Entering contact info with different data"]]>
              </value>
            </param>
            <param index="1">
              <value>
                <![CDATA["Contact Us Page Feature"]]>
              </value>
            </param>
          </params>
          <reporter-output>
          </reporter-output>
        </test-method> <!-- runScenario -->
        <test-method signature="runScenario(io.cucumber.testng.PickleWrapper,io.cucumber.testng.FeatureWrapper)[pri:0, instance:runners.RunnerTest@7d3e8655]" started-at="2025-01-18T20:14:41 IST" name="runScenario" description="Runs Cucumber Scenarios" data-provider="scenarios" finished-at="2025-01-18T20:16:10 IST" duration-ms="88932" status="PASS">
          <params>
            <param index="0">
              <value>
                <![CDATA["Login with correct credentials"]]>
              </value>
            </param>
            <param index="1">
              <value>
                <![CDATA["Login Page Feature"]]>
              </value>
            </param>
          </params>
          <reporter-output>
          </reporter-output>
        </test-method> <!-- runScenario -->
        <test-method signature="runScenario(io.cucumber.testng.PickleWrapper,io.cucumber.testng.FeatureWrapper)[pri:0, instance:runners.RunnerTest@7d3e8655]" started-at="2025-01-18T20:14:41 IST" name="runScenario" description="Runs Cucumber Scenarios" data-provider="scenarios" finished-at="2025-01-18T20:16:12 IST" duration-ms="91094" status="PASS">
          <params>
            <param index="0">
              <value>
                <![CDATA["Accounts Page section"]]>
              </value>
            </param>
            <param index="1">
              <value>
                <![CDATA["Accounts Page Feature"]]>
              </value>
            </param>
          </params>
          <reporter-output>
          </reporter-output>
        </test-method> <!-- runScenario -->
        <test-method signature="runScenario(io.cucumber.testng.PickleWrapper,io.cucumber.testng.FeatureWrapper)[pri:0, instance:runners.RunnerTest@7d3e8655]" started-at="2025-01-18T20:14:41 IST" name="runScenario" description="Runs Cucumber Scenarios" data-provider="scenarios" finished-at="2025-01-18T20:16:37 IST" duration-ms="116377" status="PASS">
          <params>
            <param index="0">
              <value>
                <![CDATA["Entering contact info with different data"]]>
              </value>
            </param>
            <param index="1">
              <value>
                <![CDATA["Contact Us Page Feature"]]>
              </value>
            </param>
          </params>
          <reporter-output>
          </reporter-output>
        </test-method> <!-- runScenario -->
        <test-method signature="runScenario(io.cucumber.testng.PickleWrapper,io.cucumber.testng.FeatureWrapper)[pri:0, instance:runners.RunnerTest@7d3e8655]" started-at="2025-01-18T20:14:41 IST" name="runScenario" description="Runs Cucumber Scenarios" data-provider="scenarios" finished-at="2025-01-18T20:15:44 IST" duration-ms="63653" status="PASS">
          <params>
            <param index="0">
              <value>
                <![CDATA["Forgot Password link"]]>
              </value>
            </param>
            <param index="1">
              <value>
                <![CDATA["Login Page Feature"]]>
              </value>
            </param>
          </params>
          <reporter-output>
          </reporter-output>
        </test-method> <!-- runScenario -->
        <test-method signature="runScenario(io.cucumber.testng.PickleWrapper,io.cucumber.testng.FeatureWrapper)[pri:0, instance:runners.RunnerTest@7d3e8655]" started-at="2025-01-18T20:14:41 IST" name="runScenario" description="Runs Cucumber Scenarios" data-provider="scenarios" finished-at="2025-01-18T20:16:24 IST" duration-ms="103333" status="PASS">
          <params>
            <param index="0">
              <value>
                <![CDATA["Entering contact info with different data"]]>
              </value>
            </param>
            <param index="1">
              <value>
                <![CDATA["Contact Us Page Feature"]]>
              </value>
            </param>
          </params>
          <reporter-output>
          </reporter-output>
        </test-method> <!-- runScenario -->
        <test-method signature="runScenario(io.cucumber.testng.PickleWrapper,io.cucumber.testng.FeatureWrapper)[pri:0, instance:runners.RunnerTest@7d3e8655]" started-at="2025-01-18T20:14:41 IST" name="runScenario" description="Runs Cucumber Scenarios" data-provider="scenarios" finished-at="2025-01-18T20:16:29 IST" duration-ms="108421" status="PASS">
          <params>
            <param index="0">
              <value>
                <![CDATA["Entering contact info with different data"]]>
              </value>
            </param>
            <param index="1">
              <value>
                <![CDATA["Contact Us Page Feature"]]>
              </value>
            </param>
          </params>
          <reporter-output>
          </reporter-output>
        </test-method> <!-- runScenario -->
        <test-method is-config="true" signature="tearDownClass()[pri:0, instance:runners.RunnerTest@7d3e8655]" started-at="2025-01-18T20:16:37 IST" name="tearDownClass" finished-at="2025-01-18T20:16:43 IST" duration-ms="6342" status="PASS">
          <reporter-output>
          </reporter-output>
        </test-method> <!-- tearDownClass -->
      </class> <!-- runners.RunnerTest -->
    </test> <!-- Default test -->
  </suite> <!-- Default suite -->
</testng-results>
